0 0 0 Reward: 0 Prob: ...
0 0 1 Reward: 250 Prob: 0.0010227272727272728
1 0 0 Reward: 250 Prob: 0.0010227272727272728
0 1 0 Reward: 250 Prob: 0.0010227272727272728
2 0 0 Reward: 500 Prob: 0.0005113636363636364
0 2 0 Reward: 500 Prob: 0.0005113636363636364
0 0 2 Reward: 500 Prob: 0.0005113636363636364
0 1 2 Reward: 750 Prob: 0.0003409090909090909
1 0 2 Reward: 750 Prob: 0.0003409090909090909
1 2 0 Reward: 750 Prob: 0.0003409090909090909
2 0 1 Reward: 750 Prob: 0.0003409090909090909
2 1 0 Reward: 750 Prob: 0.0003409090909090909
0 2 1 Reward: 750 Prob: 0.0003409090909090909
0 3 0 Reward: 1000 Prob: 0.0002556818181818182
3 0 0 Reward: 1000 Prob: 0.0002556818181818182
0 0 3 Reward: 1000 Prob: 0.0002556818181818182
1 0 3 Reward: 1250 Prob: 0.00020454545454545454
3 1 0 Reward: 1250 Prob: 0.00020454545454545454
0 3 1 Reward: 1250 Prob: 0.00020454545454545454
3 0 1 Reward: 1250 Prob: 0.00020454545454545454
1 3 0 Reward: 1250 Prob: 0.00020454545454545454
0 1 3 Reward: 1250 Prob: 0.00020454545454545454
2 3 0 Reward: 1500 Prob: 0.00017045454545454544
3 2 0 Reward: 1500 Prob: 0.00017045454545454544
0 3 2 Reward: 1500 Prob: 0.00017045454545454544
3 0 2 Reward: 1500 Prob: 0.00017045454545454544
2 0 3 Reward: 1500 Prob: 0.00017045454545454544
0 2 3 Reward: 1500 Prob: 0.00017045454545454544
3 2 1 Reward: 1750 Prob: 0.0001461038961038961
2 3 1 Reward: 1750 Prob: 0.0001461038961038961
3 1 2 Reward: 1750 Prob: 0.0001461038961038961
1 2 3 Reward: 1750 Prob: 0.0001461038961038961
2 1 3 Reward: 1750 Prob: 0.0001461038961038961
1 3 2 Reward: 1750 Prob: 0.0001461038961038961
0 0 4 Reward: 2500 Prob: 0.00010227272727272727
4 0 0 Reward: 2500 Prob: 0.00010227272727272727
0 4 0 Reward: 2500 Prob: 0.00010227272727272727
0 1 4 Reward: 2750 Prob: 0.00009297520661157024
4 0 1 Reward: 2750 Prob: 0.00009297520661157024
4 1 0 Reward: 2750 Prob: 0.00009297520661157024
1 0 4 Reward: 2750 Prob: 0.00009297520661157024
0 4 1 Reward: 2750 Prob: 0.00009297520661157024
1 4 0 Reward: 2750 Prob: 0.00009297520661157024
4 2 0 Reward: 3000 Prob: 0.00008522727272727272
0 4 2 Reward: 3000 Prob: 0.00008522727272727272
2 0 4 Reward: 3000 Prob: 0.00008522727272727272
2 4 0 Reward: 3000 Prob: 0.00008522727272727272
4 0 2 Reward: 3000 Prob: 0.00008522727272727272
0 2 4 Reward: 3000 Prob: 0.00008522727272727272
2 4 1 Reward: 3250 Prob: 0.00007867132867132867
1 2 4 Reward: 3250 Prob: 0.00007867132867132867
1 4 2 Reward: 3250 Prob: 0.00007867132867132867
2 1 4 Reward: 3250 Prob: 0.00007867132867132867
4 1 2 Reward: 3250 Prob: 0.00007867132867132867
4 2 1 Reward: 3250 Prob: 0.00007867132867132867
4 3 0 Reward: 3500 Prob: 0.00007305194805194805
0 3 4 Reward: 3500 Prob: 0.00007305194805194805
3 4 0 Reward: 3500 Prob: 0.00007305194805194805
0 4 3 Reward: 3500 Prob: 0.00007305194805194805
3 0 4 Reward: 3500 Prob: 0.00007305194805194805
4 0 3 Reward: 3500 Prob: 0.00007305194805194805
3 1 4 Reward: 3750 Prob: 0.00006818181818181818
4 3 1 Reward: 3750 Prob: 0.00006818181818181818
1 4 3 Reward: 3750 Prob: 0.00006818181818181818
3 4 1 Reward: 3750 Prob: 0.00006818181818181818
1 3 4 Reward: 3750 Prob: 0.00006818181818181818
4 1 3 Reward: 3750 Prob: 0.00006818181818181818
4 2 3 Reward: 4000 Prob: 0.00006392045454545455
2 3 4 Reward: 4000 Prob: 0.00006392045454545455
3 4 2 Reward: 4000 Prob: 0.00006392045454545455
4 3 2 Reward: 4000 Prob: 0.00006392045454545455
2 4 3 Reward: 4000 Prob: 0.00006392045454545455
3 2 4 Reward: 4000 Prob: 0.00006392045454545455
5 0 0 Reward: 5000 Prob: 0.000051136363636363635
0 0 5 Reward: 5000 Prob: 0.000051136363636363635
0 5 0 Reward: 5000 Prob: 0.000051136363636363635
0 5 1 Reward: 5250 Prob: 0.0000487012987012987
0 1 5 Reward: 5250 Prob: 0.0000487012987012987
5 1 0 Reward: 5250 Prob: 0.0000487012987012987
1 0 5 Reward: 5250 Prob: 0.0000487012987012987
1 5 0 Reward: 5250 Prob: 0.0000487012987012987
5 0 1 Reward: 5250 Prob: 0.0000487012987012987
2 5 0 Reward: 5500 Prob: 0.00004648760330578512
2 0 5 Reward: 5500 Prob: 0.00004648760330578512
5 2 0 Reward: 5500 Prob: 0.00004648760330578512
0 5 2 Reward: 5500 Prob: 0.00004648760330578512
5 0 2 Reward: 5500 Prob: 0.00004648760330578512
0 2 5 Reward: 5500 Prob: 0.00004648760330578512
1 5 2 Reward: 5750 Prob: 0.00004446640316205533
2 1 5 Reward: 5750 Prob: 0.00004446640316205533
5 2 1 Reward: 5750 Prob: 0.00004446640316205533
2 5 1 Reward: 5750 Prob: 0.00004446640316205533
1 2 5 Reward: 5750 Prob: 0.00004446640316205533
5 1 2 Reward: 5750 Prob: 0.00004446640316205533
5 0 3 Reward: 6000 Prob: 0.00004261363636363636
5 3 0 Reward: 6000 Prob: 0.00004261363636363636
0 5 3 Reward: 6000 Prob: 0.00004261363636363636
0 3 5 Reward: 6000 Prob: 0.00004261363636363636
3 0 5 Reward: 6000 Prob: 0.00004261363636363636
3 5 0 Reward: 6000 Prob: 0.00004261363636363636
3 1 5 Reward: 6250 Prob: 0.00004090909090909091
5 1 3 Reward: 6250 Prob: 0.00004090909090909091
3 5 1 Reward: 6250 Prob: 0.00004090909090909091
1 3 5 Reward: 6250 Prob: 0.00004090909090909091
1 5 3 Reward: 6250 Prob: 0.00004090909090909091
5 3 1 Reward: 6250 Prob: 0.00004090909090909091
5 2 3 Reward: 6500 Prob: 0.000039335664335664336
2 3 5 Reward: 6500 Prob: 0.000039335664335664336
5 3 2 Reward: 6500 Prob: 0.000039335664335664336
2 5 3 Reward: 6500 Prob: 0.000039335664335664336
3 2 5 Reward: 6500 Prob: 0.000039335664335664336
3 5 2 Reward: 6500 Prob: 0.000039335664335664336
0 5 4 Reward: 7500 Prob: 0.00003409090909090909
5 4 0 Reward: 7500 Prob: 0.00003409090909090909
4 0 5 Reward: 7500 Prob: 0.00003409090909090909
5 0 4 Reward: 7500 Prob: 0.00003409090909090909
0 4 5 Reward: 7500 Prob: 0.00003409090909090909
4 5 0 Reward: 7500 Prob: 0.00003409090909090909
4 1 5 Reward: 7750 Prob: 0.000032991202346041056
4 5 1 Reward: 7750 Prob: 0.000032991202346041056
5 1 4 Reward: 7750 Prob: 0.000032991202346041056
1 5 4 Reward: 7750 Prob: 0.000032991202346041056
5 4 1 Reward: 7750 Prob: 0.000032991202346041056
1 4 5 Reward: 7750 Prob: 0.000032991202346041056
5 4 2 Reward: 8000 Prob: 0.000031960227272727275
2 5 4 Reward: 8000 Prob: 0.000031960227272727275
4 2 5 Reward: 8000 Prob: 0.000031960227272727275
4 5 2 Reward: 8000 Prob: 0.000031960227272727275
5 2 4 Reward: 8000 Prob: 0.000031960227272727275
2 4 5 Reward: 8000 Prob: 0.000031960227272727275
3 5 4 Reward: 8500 Prob: 0.000030080213903743313
5 3 4 Reward: 8500 Prob: 0.000030080213903743313
4 3 5 Reward: 8500 Prob: 0.000030080213903743313
4 5 3 Reward: 8500 Prob: 0.000030080213903743313
5 4 3 Reward: 8500 Prob: 0.000030080213903743313
3 4 5 Reward: 8500 Prob: 0.000030080213903743313
6 0 0 Reward: 10000 Prob: 0.000025568181818181817
0 0 6 Reward: 10000 Prob: 0.000025568181818181817
0 6 0 Reward: 10000 Prob: 0.000025568181818181817
0 1 6 Reward: 10250 Prob: 0.000024944567627494457
1 0 6 Reward: 10250 Prob: 0.000024944567627494457
1 6 0 Reward: 10250 Prob: 0.000024944567627494457
0 6 1 Reward: 10250 Prob: 0.000024944567627494457
6 0 1 Reward: 10250 Prob: 0.000024944567627494457
6 1 0 Reward: 10250 Prob: 0.000024944567627494457
2 0 6 Reward: 10500 Prob: 0.00002435064935064935
6 0 2 Reward: 10500 Prob: 0.00002435064935064935
6 2 0 Reward: 10500 Prob: 0.00002435064935064935
0 2 6 Reward: 10500 Prob: 0.00002435064935064935
0 6 2 Reward: 10500 Prob: 0.00002435064935064935
2 6 0 Reward: 10500 Prob: 0.00002435064935064935
6 1 2 Reward: 10750 Prob: 0.000023784355179704015
2 6 1 Reward: 10750 Prob: 0.000023784355179704015
1 2 6 Reward: 10750 Prob: 0.000023784355179704015
1 6 2 Reward: 10750 Prob: 0.000023784355179704015
2 1 6 Reward: 10750 Prob: 0.000023784355179704015
6 2 1 Reward: 10750 Prob: 0.000023784355179704015
3 6 0 Reward: 11000 Prob: 0.00002324380165289256
6 3 0 Reward: 11000 Prob: 0.00002324380165289256
3 0 6 Reward: 11000 Prob: 0.00002324380165289256
6 0 3 Reward: 11000 Prob: 0.00002324380165289256
0 3 6 Reward: 11000 Prob: 0.00002324380165289256
0 6 3 Reward: 11000 Prob: 0.00002324380165289256
6 1 3 Reward: 11250 Prob: 0.000022727272727272726
3 1 6 Reward: 11250 Prob: 0.000022727272727272726
1 3 6 Reward: 11250 Prob: 0.000022727272727272726
3 6 1 Reward: 11250 Prob: 0.000022727272727272726
1 6 3 Reward: 11250 Prob: 0.000022727272727272726
6 3 1 Reward: 11250 Prob: 0.000022727272727272726
2 6 3 Reward: 11500 Prob: 0.000022233201581027666
3 2 6 Reward: 11500 Prob: 0.000022233201581027666
6 3 2 Reward: 11500 Prob: 0.000022233201581027666
2 3 6 Reward: 11500 Prob: 0.000022233201581027666
3 6 2 Reward: 11500 Prob: 0.000022233201581027666
6 2 3 Reward: 11500 Prob: 0.000022233201581027666
6 0 4 Reward: 12500 Prob: 0.000020454545454545454
4 0 6 Reward: 12500 Prob: 0.000020454545454545454
0 6 4 Reward: 12500 Prob: 0.000020454545454545454
4 6 0 Reward: 12500 Prob: 0.000020454545454545454
0 4 6 Reward: 12500 Prob: 0.000020454545454545454
6 4 0 Reward: 12500 Prob: 0.000020454545454545454
4 6 1 Reward: 12750 Prob: 0.000020053475935828877
1 6 4 Reward: 12750 Prob: 0.000020053475935828877
6 4 1 Reward: 12750 Prob: 0.000020053475935828877
4 1 6 Reward: 12750 Prob: 0.000020053475935828877
6 1 4 Reward: 12750 Prob: 0.000020053475935828877
1 4 6 Reward: 12750 Prob: 0.000020053475935828877
6 4 2 Reward: 13000 Prob: 0.000019667832167832168
2 6 4 Reward: 13000 Prob: 0.000019667832167832168
4 2 6 Reward: 13000 Prob: 0.000019667832167832168
4 6 2 Reward: 13000 Prob: 0.000019667832167832168
6 2 4 Reward: 13000 Prob: 0.000019667832167832168
2 4 6 Reward: 13000 Prob: 0.000019667832167832168
3 4 6 Reward: 13500 Prob: 0.00001893939393939394
3 6 4 Reward: 13500 Prob: 0.00001893939393939394
6 4 3 Reward: 13500 Prob: 0.00001893939393939394
6 3 4 Reward: 13500 Prob: 0.00001893939393939394
4 3 6 Reward: 13500 Prob: 0.00001893939393939394
4 6 3 Reward: 13500 Prob: 0.00001893939393939394
6 0 5 Reward: 15000 Prob: 0.000017045454545454546
5 6 0 Reward: 15000 Prob: 0.000017045454545454546
0 5 6 Reward: 15000 Prob: 0.000017045454545454546
6 5 0 Reward: 15000 Prob: 0.000017045454545454546
0 6 5 Reward: 15000 Prob: 0.000017045454545454546
5 0 6 Reward: 15000 Prob: 0.000017045454545454546
1 5 6 Reward: 15250 Prob: 0.00001676602086438152
5 6 1 Reward: 15250 Prob: 0.00001676602086438152
1 6 5 Reward: 15250 Prob: 0.00001676602086438152
6 1 5 Reward: 15250 Prob: 0.00001676602086438152
5 1 6 Reward: 15250 Prob: 0.00001676602086438152
6 5 1 Reward: 15250 Prob: 0.00001676602086438152
6 2 5 Reward: 15500 Prob: 0.000016495601173020528
2 6 5 Reward: 15500 Prob: 0.000016495601173020528
6 5 2 Reward: 15500 Prob: 0.000016495601173020528
5 2 6 Reward: 15500 Prob: 0.000016495601173020528
5 6 2 Reward: 15500 Prob: 0.000016495601173020528
2 5 6 Reward: 15500 Prob: 0.000016495601173020528
6 3 5 Reward: 16000 Prob: 0.000015980113636363638
5 6 3 Reward: 16000 Prob: 0.000015980113636363638
6 5 3 Reward: 16000 Prob: 0.000015980113636363638
3 6 5 Reward: 16000 Prob: 0.000015980113636363638
5 3 6 Reward: 16000 Prob: 0.000015980113636363638
3 5 6 Reward: 16000 Prob: 0.000015980113636363638
6 5 4 Reward: 17500 Prob: 0.00001461038961038961
4 5 6 Reward: 17500 Prob: 0.00001461038961038961
5 6 4 Reward: 17500 Prob: 0.00001461038961038961
6 4 5 Reward: 17500 Prob: 0.00001461038961038961
4 6 5 Reward: 17500 Prob: 0.00001461038961038961
5 4 6 Reward: 17500 Prob: 0.00001461038961038961
7 0 0 Reward: 25000 Prob: 0.000010227272727272727
0 0 7 Reward: 25000 Prob: 0.000010227272727272727
0 7 0 Reward: 25000 Prob: 0.000010227272727272727
7 1 0 Reward: 25250 Prob: 0.000010126012601260126
1 7 0 Reward: 25250 Prob: 0.000010126012601260126
0 1 7 Reward: 25250 Prob: 0.000010126012601260126
7 0 1 Reward: 25250 Prob: 0.000010126012601260126
0 7 1 Reward: 25250 Prob: 0.000010126012601260126
1 0 7 Reward: 25250 Prob: 0.000010126012601260126
2 0 7 Reward: 25500 Prob: 0.000010026737967914438
7 0 2 Reward: 25500 Prob: 0.000010026737967914438
0 7 2 Reward: 25500 Prob: 0.000010026737967914438
7 2 0 Reward: 25500 Prob: 0.000010026737967914438
2 7 0 Reward: 25500 Prob: 0.000010026737967914438
0 2 7 Reward: 25500 Prob: 0.000010026737967914438
1 2 7 Reward: 25750 Prob: 0.000009929390997352162
7 1 2 Reward: 25750 Prob: 0.000009929390997352162
2 1 7 Reward: 25750 Prob: 0.000009929390997352162
1 7 2 Reward: 25750 Prob: 0.000009929390997352162
2 7 1 Reward: 25750 Prob: 0.000009929390997352162
7 2 1 Reward: 25750 Prob: 0.000009929390997352162
3 7 0 Reward: 26000 Prob: 0.000009833916083916084
7 3 0 Reward: 26000 Prob: 0.000009833916083916084
3 0 7 Reward: 26000 Prob: 0.000009833916083916084
0 7 3 Reward: 26000 Prob: 0.000009833916083916084
0 3 7 Reward: 26000 Prob: 0.000009833916083916084
7 0 3 Reward: 26000 Prob: 0.000009833916083916084
1 7 3 Reward: 26250 Prob: 0.00000974025974025974
7 1 3 Reward: 26250 Prob: 0.00000974025974025974
7 3 1 Reward: 26250 Prob: 0.00000974025974025974
3 7 1 Reward: 26250 Prob: 0.00000974025974025974
3 1 7 Reward: 26250 Prob: 0.00000974025974025974
1 3 7 Reward: 26250 Prob: 0.00000974025974025974
7 3 2 Reward: 26500 Prob: 0.000009648370497427102
3 7 2 Reward: 26500 Prob: 0.000009648370497427102
2 3 7 Reward: 26500 Prob: 0.000009648370497427102
2 7 3 Reward: 26500 Prob: 0.000009648370497427102
7 2 3 Reward: 26500 Prob: 0.000009648370497427102
3 2 7 Reward: 26500 Prob: 0.000009648370497427102
7 0 4 Reward: 27500 Prob: 0.000009297520661157025
4 0 7 Reward: 27500 Prob: 0.000009297520661157025
7 4 0 Reward: 27500 Prob: 0.000009297520661157025
0 4 7 Reward: 27500 Prob: 0.000009297520661157025
0 7 4 Reward: 27500 Prob: 0.000009297520661157025
4 7 0 Reward: 27500 Prob: 0.000009297520661157025
4 7 1 Reward: 27750 Prob: 0.000009213759213759214
7 1 4 Reward: 27750 Prob: 0.000009213759213759214
1 4 7 Reward: 27750 Prob: 0.000009213759213759214
1 7 4 Reward: 27750 Prob: 0.000009213759213759214
4 1 7 Reward: 27750 Prob: 0.000009213759213759214
7 4 1 Reward: 27750 Prob: 0.000009213759213759214
7 4 2 Reward: 28000 Prob: 0.000009131493506493506
4 2 7 Reward: 28000 Prob: 0.000009131493506493506
2 7 4 Reward: 28000 Prob: 0.000009131493506493506
7 2 4 Reward: 28000 Prob: 0.000009131493506493506
4 7 2 Reward: 28000 Prob: 0.000009131493506493506
2 4 7 Reward: 28000 Prob: 0.000009131493506493506
7 4 3 Reward: 28500 Prob: 0.000008971291866028708
3 7 4 Reward: 28500 Prob: 0.000008971291866028708
4 7 3 Reward: 28500 Prob: 0.000008971291866028708
3 4 7 Reward: 28500 Prob: 0.000008971291866028708
4 3 7 Reward: 28500 Prob: 0.000008971291866028708
7 3 4 Reward: 28500 Prob: 0.000008971291866028708
0 5 7 Reward: 30000 Prob: 0.000008522727272727273
7 5 0 Reward: 30000 Prob: 0.000008522727272727273
0 7 5 Reward: 30000 Prob: 0.000008522727272727273
5 7 0 Reward: 30000 Prob: 0.000008522727272727273
7 0 5 Reward: 30000 Prob: 0.000008522727272727273
5 0 7 Reward: 30000 Prob: 0.000008522727272727273
7 5 1 Reward: 30250 Prob: 0.000008452291510142749
5 1 7 Reward: 30250 Prob: 0.000008452291510142749
1 7 5 Reward: 30250 Prob: 0.000008452291510142749
5 7 1 Reward: 30250 Prob: 0.000008452291510142749
1 5 7 Reward: 30250 Prob: 0.000008452291510142749
7 1 5 Reward: 30250 Prob: 0.000008452291510142749
5 7 2 Reward: 30500 Prob: 0.00000838301043219076
7 2 5 Reward: 30500 Prob: 0.00000838301043219076
2 7 5 Reward: 30500 Prob: 0.00000838301043219076
7 5 2 Reward: 30500 Prob: 0.00000838301043219076
2 5 7 Reward: 30500 Prob: 0.00000838301043219076
5 2 7 Reward: 30500 Prob: 0.00000838301043219076
3 7 5 Reward: 31000 Prob: 0.000008247800586510264
3 5 7 Reward: 31000 Prob: 0.000008247800586510264
5 7 3 Reward: 31000 Prob: 0.000008247800586510264
5 3 7 Reward: 31000 Prob: 0.000008247800586510264
7 3 5 Reward: 31000 Prob: 0.000008247800586510264
7 5 3 Reward: 31000 Prob: 0.000008247800586510264
7 5 4 Reward: 32500 Prob: 0.000007867132867132867
4 5 7 Reward: 32500 Prob: 0.000007867132867132867
4 7 5 Reward: 32500 Prob: 0.000007867132867132867
5 7 4 Reward: 32500 Prob: 0.000007867132867132867
7 4 5 Reward: 32500 Prob: 0.000007867132867132867
5 4 7 Reward: 32500 Prob: 0.000007867132867132867
6 7 0 Reward: 35000 Prob: 0.000007305194805194805
0 6 7 Reward: 35000 Prob: 0.000007305194805194805
6 0 7 Reward: 35000 Prob: 0.000007305194805194805
7 0 6 Reward: 35000 Prob: 0.000007305194805194805
7 6 0 Reward: 35000 Prob: 0.000007305194805194805
0 7 6 Reward: 35000 Prob: 0.000007305194805194805
1 7 6 Reward: 35250 Prob: 0.000007253384912959381
1 6 7 Reward: 35250 Prob: 0.000007253384912959381
7 1 6 Reward: 35250 Prob: 0.000007253384912959381
7 6 1 Reward: 35250 Prob: 0.000007253384912959381
6 7 1 Reward: 35250 Prob: 0.000007253384912959381
6 1 7 Reward: 35250 Prob: 0.000007253384912959381
6 2 7 Reward: 35500 Prob: 0.000007202304737516005
6 7 2 Reward: 35500 Prob: 0.000007202304737516005
7 6 2 Reward: 35500 Prob: 0.000007202304737516005
7 2 6 Reward: 35500 Prob: 0.000007202304737516005
2 6 7 Reward: 35500 Prob: 0.000007202304737516005
2 7 6 Reward: 35500 Prob: 0.000007202304737516005
7 3 6 Reward: 36000 Prob: 0.000007102272727272727
6 3 7 Reward: 36000 Prob: 0.000007102272727272727
3 7 6 Reward: 36000 Prob: 0.000007102272727272727
7 6 3 Reward: 36000 Prob: 0.000007102272727272727
6 7 3 Reward: 36000 Prob: 0.000007102272727272727
3 6 7 Reward: 36000 Prob: 0.000007102272727272727
6 4 7 Reward: 37500 Prob: 0.000006818181818181818
7 6 4 Reward: 37500 Prob: 0.000006818181818181818
6 7 4 Reward: 37500 Prob: 0.000006818181818181818
7 4 6 Reward: 37500 Prob: 0.000006818181818181818
4 7 6 Reward: 37500 Prob: 0.000006818181818181818
4 6 7 Reward: 37500 Prob: 0.000006818181818181818
5 6 7 Reward: 40000 Prob: 0.000006392045454545454
7 6 5 Reward: 40000 Prob: 0.000006392045454545454
6 5 7 Reward: 40000 Prob: 0.000006392045454545454
7 5 6 Reward: 40000 Prob: 0.000006392045454545454
5 7 6 Reward: 40000 Prob: 0.000006392045454545454
6 7 5 Reward: 40000 Prob: 0.000006392045454545454
0 0 8 Reward: 50000 Prob: 0.0000051136363636363635
8 0 0 Reward: 50000 Prob: 0.0000051136363636363635
0 8 0 Reward: 50000 Prob: 0.0000051136363636363635
0 8 1 Reward: 50250 Prob: 0.000005088195386702849
1 0 8 Reward: 50250 Prob: 0.000005088195386702849
8 1 0 Reward: 50250 Prob: 0.000005088195386702849
1 8 0 Reward: 50250 Prob: 0.000005088195386702849
8 0 1 Reward: 50250 Prob: 0.000005088195386702849
0 1 8 Reward: 50250 Prob: 0.000005088195386702849
8 0 2 Reward: 50500 Prob: 0.000005063006300630063
2 0 8 Reward: 50500 Prob: 0.000005063006300630063
8 2 0 Reward: 50500 Prob: 0.000005063006300630063
2 8 0 Reward: 50500 Prob: 0.000005063006300630063
0 2 8 Reward: 50500 Prob: 0.000005063006300630063
0 8 2 Reward: 50500 Prob: 0.000005063006300630063
2 8 1 Reward: 50750 Prob: 0.000005038065382892969
1 8 2 Reward: 50750 Prob: 0.000005038065382892969
8 1 2 Reward: 50750 Prob: 0.000005038065382892969
8 2 1 Reward: 50750 Prob: 0.000005038065382892969
1 2 8 Reward: 50750 Prob: 0.000005038065382892969
2 1 8 Reward: 50750 Prob: 0.000005038065382892969
8 0 3 Reward: 51000 Prob: 0.000005013368983957219
3 0 8 Reward: 51000 Prob: 0.000005013368983957219
0 3 8 Reward: 51000 Prob: 0.000005013368983957219
3 8 0 Reward: 51000 Prob: 0.000005013368983957219
8 3 0 Reward: 51000 Prob: 0.000005013368983957219
0 8 3 Reward: 51000 Prob: 0.000005013368983957219
3 1 8 Reward: 51250 Prob: 0.000004988913525498891
8 1 3 Reward: 51250 Prob: 0.000004988913525498891
3 8 1 Reward: 51250 Prob: 0.000004988913525498891
8 3 1 Reward: 51250 Prob: 0.000004988913525498891
1 3 8 Reward: 51250 Prob: 0.000004988913525498891
1 8 3 Reward: 51250 Prob: 0.000004988913525498891
2 3 8 Reward: 51500 Prob: 0.000004964695498676081
3 2 8 Reward: 51500 Prob: 0.000004964695498676081
8 3 2 Reward: 51500 Prob: 0.000004964695498676081
2 8 3 Reward: 51500 Prob: 0.000004964695498676081
3 8 2 Reward: 51500 Prob: 0.000004964695498676081
8 2 3 Reward: 51500 Prob: 0.000004964695498676081
0 4 8 Reward: 52500 Prob: 0.00000487012987012987
4 8 0 Reward: 52500 Prob: 0.00000487012987012987
0 8 4 Reward: 52500 Prob: 0.00000487012987012987
8 4 0 Reward: 52500 Prob: 0.00000487012987012987
8 0 4 Reward: 52500 Prob: 0.00000487012987012987
4 0 8 Reward: 52500 Prob: 0.00000487012987012987
8 4 1 Reward: 52750 Prob: 0.000004847048685911245
4 8 1 Reward: 52750 Prob: 0.000004847048685911245
1 4 8 Reward: 52750 Prob: 0.000004847048685911245
1 8 4 Reward: 52750 Prob: 0.000004847048685911245
8 1 4 Reward: 52750 Prob: 0.000004847048685911245
4 1 8 Reward: 52750 Prob: 0.000004847048685911245
4 8 2 Reward: 53000 Prob: 0.000004824185248713551
2 4 8 Reward: 53000 Prob: 0.000004824185248713551
8 2 4 Reward: 53000 Prob: 0.000004824185248713551
2 8 4 Reward: 53000 Prob: 0.000004824185248713551
8 4 2 Reward: 53000 Prob: 0.000004824185248713551
4 2 8 Reward: 53000 Prob: 0.000004824185248713551
3 4 8 Reward: 53500 Prob: 0.000004779099405267629
4 3 8 Reward: 53500 Prob: 0.000004779099405267629
3 8 4 Reward: 53500 Prob: 0.000004779099405267629
4 8 3 Reward: 53500 Prob: 0.000004779099405267629
8 3 4 Reward: 53500 Prob: 0.000004779099405267629
8 4 3 Reward: 53500 Prob: 0.000004779099405267629
0 8 5 Reward: 55000 Prob: 0.000004648760330578513
8 0 5 Reward: 55000 Prob: 0.000004648760330578513
0 5 8 Reward: 55000 Prob: 0.000004648760330578513
5 0 8 Reward: 55000 Prob: 0.000004648760330578513
5 8 0 Reward: 55000 Prob: 0.000004648760330578513
8 5 0 Reward: 55000 Prob: 0.000004648760330578513
8 1 5 Reward: 55250 Prob: 0.00000462772521596051
5 1 8 Reward: 55250 Prob: 0.00000462772521596051
1 8 5 Reward: 55250 Prob: 0.00000462772521596051
5 8 1 Reward: 55250 Prob: 0.00000462772521596051
8 5 1 Reward: 55250 Prob: 0.00000462772521596051
1 5 8 Reward: 55250 Prob: 0.00000462772521596051
8 5 2 Reward: 55500 Prob: 0.000004606879606879607
5 2 8 Reward: 55500 Prob: 0.000004606879606879607
8 2 5 Reward: 55500 Prob: 0.000004606879606879607
5 8 2 Reward: 55500 Prob: 0.000004606879606879607
2 5 8 Reward: 55500 Prob: 0.000004606879606879607
2 8 5 Reward: 55500 Prob: 0.000004606879606879607
5 3 8 Reward: 56000 Prob: 0.000004565746753246753
3 8 5 Reward: 56000 Prob: 0.000004565746753246753
5 8 3 Reward: 56000 Prob: 0.000004565746753246753
8 3 5 Reward: 56000 Prob: 0.000004565746753246753
3 5 8 Reward: 56000 Prob: 0.000004565746753246753
8 5 3 Reward: 56000 Prob: 0.000004565746753246753
5 8 4 Reward: 57500 Prob: 0.0000044466403162055334
8 4 5 Reward: 57500 Prob: 0.0000044466403162055334
8 5 4 Reward: 57500 Prob: 0.0000044466403162055334
5 4 8 Reward: 57500 Prob: 0.0000044466403162055334
4 5 8 Reward: 57500 Prob: 0.0000044466403162055334
4 8 5 Reward: 57500 Prob: 0.0000044466403162055334
0 6 8 Reward: 60000 Prob: 0.0000042613636363636365
8 0 6 Reward: 60000 Prob: 0.0000042613636363636365
8 6 0 Reward: 60000 Prob: 0.0000042613636363636365
6 8 0 Reward: 60000 Prob: 0.0000042613636363636365
0 8 6 Reward: 60000 Prob: 0.0000042613636363636365
6 0 8 Reward: 60000 Prob: 0.0000042613636363636365
6 1 8 Reward: 60250 Prob: 0.000004243681629573745
1 6 8 Reward: 60250 Prob: 0.000004243681629573745
8 6 1 Reward: 60250 Prob: 0.000004243681629573745
1 8 6 Reward: 60250 Prob: 0.000004243681629573745
6 8 1 Reward: 60250 Prob: 0.000004243681629573745
8 1 6 Reward: 60250 Prob: 0.000004243681629573745
2 8 6 Reward: 60500 Prob: 0.0000042261457550713745
6 2 8 Reward: 60500 Prob: 0.0000042261457550713745
8 2 6 Reward: 60500 Prob: 0.0000042261457550713745
8 6 2 Reward: 60500 Prob: 0.0000042261457550713745
2 6 8 Reward: 60500 Prob: 0.0000042261457550713745
6 8 2 Reward: 60500 Prob: 0.0000042261457550713745
8 6 3 Reward: 61000 Prob: 0.00000419150521609538
3 6 8 Reward: 61000 Prob: 0.00000419150521609538
8 3 6 Reward: 61000 Prob: 0.00000419150521609538
6 8 3 Reward: 61000 Prob: 0.00000419150521609538
6 3 8 Reward: 61000 Prob: 0.00000419150521609538
3 8 6 Reward: 61000 Prob: 0.00000419150521609538
8 4 6 Reward: 62500 Prob: 0.000004090909090909091
4 8 6 Reward: 62500 Prob: 0.000004090909090909091
6 8 4 Reward: 62500 Prob: 0.000004090909090909091
8 6 4 Reward: 62500 Prob: 0.000004090909090909091
6 4 8 Reward: 62500 Prob: 0.000004090909090909091
4 6 8 Reward: 62500 Prob: 0.000004090909090909091
5 8 6 Reward: 65000 Prob: 0.000003933566433566433
6 8 5 Reward: 65000 Prob: 0.000003933566433566433
8 6 5 Reward: 65000 Prob: 0.000003933566433566433
8 5 6 Reward: 65000 Prob: 0.000003933566433566433
6 5 8 Reward: 65000 Prob: 0.000003933566433566433
5 6 8 Reward: 65000 Prob: 0.000003933566433566433
8 7 0 Reward: 75000 Prob: 0.000003409090909090909
0 8 7 Reward: 75000 Prob: 0.000003409090909090909
0 7 8 Reward: 75000 Prob: 0.000003409090909090909
7 8 0 Reward: 75000 Prob: 0.000003409090909090909
7 0 8 Reward: 75000 Prob: 0.000003409090909090909
8 0 7 Reward: 75000 Prob: 0.000003409090909090909
8 7 1 Reward: 75250 Prob: 0.0000033977650256720025
7 1 8 Reward: 75250 Prob: 0.0000033977650256720025
1 8 7 Reward: 75250 Prob: 0.0000033977650256720025
7 8 1 Reward: 75250 Prob: 0.0000033977650256720025
8 1 7 Reward: 75250 Prob: 0.0000033977650256720025
1 7 8 Reward: 75250 Prob: 0.0000033977650256720025
2 8 7 Reward: 75500 Prob: 0.000003386514148103552
8 7 2 Reward: 75500 Prob: 0.000003386514148103552
2 7 8 Reward: 75500 Prob: 0.000003386514148103552
8 2 7 Reward: 75500 Prob: 0.000003386514148103552
7 8 2 Reward: 75500 Prob: 0.000003386514148103552
7 2 8 Reward: 75500 Prob: 0.000003386514148103552
7 8 3 Reward: 76000 Prob: 0.0000033642344497607654
3 8 7 Reward: 76000 Prob: 0.0000033642344497607654
3 7 8 Reward: 76000 Prob: 0.0000033642344497607654
8 7 3 Reward: 76000 Prob: 0.0000033642344497607654
8 3 7 Reward: 76000 Prob: 0.0000033642344497607654
7 3 8 Reward: 76000 Prob: 0.0000033642344497607654
7 8 4 Reward: 77500 Prob: 0.0000032991202346041054
4 8 7 Reward: 77500 Prob: 0.0000032991202346041054
4 7 8 Reward: 77500 Prob: 0.0000032991202346041054
8 4 7 Reward: 77500 Prob: 0.0000032991202346041054
7 4 8 Reward: 77500 Prob: 0.0000032991202346041054
8 7 4 Reward: 77500 Prob: 0.0000032991202346041054
5 7 8 Reward: 80000 Prob: 0.000003196022727272727
7 8 5 Reward: 80000 Prob: 0.000003196022727272727
8 5 7 Reward: 80000 Prob: 0.000003196022727272727
7 5 8 Reward: 80000 Prob: 0.000003196022727272727
5 8 7 Reward: 80000 Prob: 0.000003196022727272727
8 7 5 Reward: 80000 Prob: 0.000003196022727272727
7 6 8 Reward: 85000 Prob: 0.0000030080213903743315
7 8 6 Reward: 85000 Prob: 0.0000030080213903743315
6 8 7 Reward: 85000 Prob: 0.0000030080213903743315
8 6 7 Reward: 85000 Prob: 0.0000030080213903743315
8 7 6 Reward: 85000 Prob: 0.0000030080213903743315
6 7 8 Reward: 85000 Prob: 0.0000030080213903743315
